Arguments: 
  /usr/bin/node /usr/local/bin/yarnpkg add react-native-gesture-handler@~2.9.0 react-native-reanimated@~2.14.4 react-native-screens@~3.20.0 react-native-safe-area-context@4.5.0 @react-native-community/masked-view

PATH: 
  /usr/local/sbin:/usr/local/bin:/usr/sbin:/usr/bin:/sbin:/bin:/usr/games:/usr/local/games:/snap/bin:/snap/bin

Yarn version: 
  1.22.19

Node version: 
  18.16.0

Platform: 
  linux x64

Trace: 
  Error: EACCES: permission denied, mkdir '/home/gustavo/AprendendoReact/React/5  -  Containers/pressable02/node_modules/react-native-reanimated/src/__mocks__'

npm manifest: 
  {
    "name": "pressable02",
    "version": "1.0.0",
    "main": "node_modules/expo/AppEntry.js",
    "scripts": {
      "start": "expo start",
      "android": "expo start --android",
      "ios": "expo start --ios",
      "web": "expo start --web"
    },
    "dependencies": {
      "@react-navigation/bottom-tabs": "^6.5.7",
      "@react-navigation/drawer": "^6.6.2",
      "@react-navigation/native": "^6.1.6",
      "@react-navigation/stack": "^6.3.16",
      "expo": "~48.0.11",
      "expo-status-bar": "~1.4.4",
      "react": "18.2.0",
      "react-native": "0.71.6"
    },
    "devDependencies": {
      "@babel/core": "^7.20.0"
    },
    "private": true
  }

yarn manifest: 
  No manifest

Lockfile: 
  
